# JRE version: Java(TM) SE Runtime Environment (7.0_65-b19) (build 1.7.0_65-b19)
# Java VM: Java HotSpot(TM) 64-Bit Server VM (24.65-b04 mixed mode windows-amd64 compressed oops)
Heap
 PSYoungGen      total 451584K, used 303102K [0x00000007d5e80000, 0x00000007f5e80000, 0x0000000800000000)
  eden space 401920K, 63% used [0x00000007d5e80000,0x00000007e57b4af8,0x00000007ee700000)
  from space 49664K, 96% used [0x00000007f1f00000,0x00000007f4dcae10,0x00000007f4f80000)
  to   space 57344K, 0% used [0x00000007ee700000,0x00000007ee700000,0x00000007f1f00000)
 ParOldGen       total 86016K, used 61184K [0x0000000781c00000, 0x0000000787000000, 0x00000007d5e80000)
  object space 86016K, 71% used [0x0000000781c00000,0x00000007857c02a0,0x0000000787000000)
 PSPermGen       total 47616K, used 47322K [0x000000077ca00000, 0x000000077f880000, 0x0000000781c00000)
  object space 47616K, 99% used [0x000000077ca00000,0x000000077f836850,0x000000077f880000)
GC Heap History (10 events):
Event: 7.006 GC heap before
{Heap before GC invocations=6 (full 0):
 PSYoungGen      total 71680K, used 71680K [0x00000007d5e80000, 0x00000007dfb80000, 0x0000000800000000)
  eden space 66560K, 100% used [0x00000007d5e80000,0x00000007d9f80000,0x00000007d9f80000)
  from space 5120K, 100% used [0x00000007d9f80000,0x00000007da480000,0x00000007da480000)
  to   space 13824K, 0% used [0x00000007dee00000,0x00000007dee00000,0x00000007dfb80000)
 ParOldGen       total 86016K, used 14735K [0x0000000781c00000, 0x0000000787000000, 0x00000007d5e80000)
  object space 86016K, 17% used [0x0000000781c00000,0x0000000782a63e88,0x0000000787000000)
 PSPermGen       total 21504K, used 20729K [0x000000077ca00000, 0x000000077df00000, 0x0000000781c00000)
  object space 21504K, 96% used [0x000000077ca00000,0x000000077de3e770,0x000000077df00000)
Event: 7.024 GC heap after
Heap after GC invocations=6 (full 0):
 PSYoungGen      total 145920K, used 11968K [0x00000007d5e80000, 0x00000007dfd80000, 0x0000000800000000)
  eden space 132096K, 0% used [0x00000007d5e80000,0x00000007d5e80000,0x00000007ddf80000)
  from space 13824K, 86% used [0x00000007dee00000,0x00000007df9b0160,0x00000007dfb80000)
  to   space 14848K, 0% used [0x00000007ddf80000,0x00000007ddf80000,0x00000007dee00000)
 ParOldGen       total 86016K, used 14807K [0x0000000781c00000, 0x0000000787000000, 0x00000007d5e80000)
  object space 86016K, 17% used [0x0000000781c00000,0x0000000782a75e98,0x0000000787000000)
 PSPermGen       total 21504K, used 20729K [0x000000077ca00000, 0x000000077df00000, 0x0000000781c00000)
  object space 21504K, 96% used [0x000000077ca00000,0x000000077de3e770,0x000000077df00000)
}
Event: 8.512 GC heap before
{Heap before GC invocations=7 (full 0):
 PSYoungGen      total 145920K, used 144064K [0x00000007d5e80000, 0x00000007dfd80000, 0x0000000800000000)
  eden space 132096K, 100% used [0x00000007d5e80000,0x00000007ddf80000,0x00000007ddf80000)
  from space 13824K, 86% used [0x00000007dee00000,0x00000007df9b0160,0x00000007dfb80000)
  to   space 14848K, 0% used [0x00000007ddf80000,0x00000007ddf80000,0x00000007dee00000)
 ParOldGen       total 86016K, used 14807K [0x0000000781c00000, 0x0000000787000000, 0x00000007d5e80000)
  object space 86016K, 17% used [0x0000000781c00000,0x0000000782a75e98,0x0000000787000000)
 PSPermGen       total 21504K, used 20958K [0x000000077ca00000, 0x000000077df00000, 0x0000000781c00000)
  object space 21504K, 97% used [0x000000077ca00000,0x000000077de778b0,0x000000077df00000)
Event: 8.565 GC heap after
Heap after GC invocations=7 (full 0):
 PSYoungGen      total 146944K, used 14837K [0x00000007d5e80000, 0x00000007e9a80000, 0x0000000800000000)
  eden space 132096K, 0% used [0x00000007d5e80000,0x00000007d5e80000,0x00000007ddf80000)
  from space 14848K, 99% used [0x00000007ddf80000,0x00000007dedfd7f8,0x00000007dee00000)
  to   space 29696K, 0% used [0x00000007e7d80000,0x00000007e7d80000,0x00000007e9a80000)
 ParOldGen       total 86016K, used 39356K [0x0000000781c00000, 0x0000000787000000, 0x00000007d5e80000)
  object space 86016K, 45% used [0x0000000781c00000,0x000000078426f138,0x0000000787000000)
 PSPermGen       total 21504K, used 20958K [0x000000077ca00000, 0x000000077df00000, 0x0000000781c00000)
  object space 21504K, 97% used [0x000000077ca00000,0x000000077de778b0,0x000000077df00000)
}
Event: 9.639 GC heap before
{Heap before GC invocations=8 (full 0):
 PSYoungGen      total 146944K, used 146933K [0x00000007d5e80000, 0x00000007e9a80000, 0x0000000800000000)
  eden space 132096K, 100% used [0x00000007d5e80000,0x00000007ddf80000,0x00000007ddf80000)
  from space 14848K, 99% used [0x00000007ddf80000,0x00000007dedfd7f8,0x00000007dee00000)
  to   space 29696K, 0% used [0x00000007e7d80000,0x00000007e7d80000,0x00000007e9a80000)
 ParOldGen       total 86016K, used 39356K [0x0000000781c00000, 0x0000000787000000, 0x00000007d5e80000)
  object space 86016K, 45% used [0x0000000781c00000,0x000000078426f138,0x0000000787000000)
 PSPermGen       total 21504K, used 20980K [0x000000077ca00000, 0x000000077df00000, 0x0000000781c00000)
  object space 21504K, 97% used [0x000000077ca00000,0x000000077de7d3e0,0x000000077df00000)
Event: 9.681 GC heap after
Heap after GC invocations=8 (full 0):
 PSYoungGen      total 285696K, used 29684K [0x00000007d5e80000, 0x00000007eaa80000, 0x0000000800000000)
  eden space 256000K, 0% used [0x00000007d5e80000,0x00000007d5e80000,0x00000007e5880000)
  from space 29696K, 99% used [0x00000007e7d80000,0x00000007e9a7d3c8,0x00000007e9a80000)
  to   space 37888K, 0% used [0x00000007e5880000,0x00000007e5880000,0x00000007e7d80000)
 ParOldGen       total 86016K, used 46059K [0x0000000781c00000, 0x0000000787000000, 0x00000007d5e80000)
  object space 86016K, 53% used [0x0000000781c00000,0x00000007848fae58,0x0000000787000000)
 PSPermGen       total 21504K, used 20980K [0x000000077ca00000, 0x000000077df00000, 0x0000000781c00000)
  object space 21504K, 97% used [0x000000077ca00000,0x000000077de7d3e0,0x000000077df00000)
}
Event: 11.578 GC heap before
{Heap before GC invocations=9 (full 0):
 PSYoungGen      total 285696K, used 285684K [0x00000007d5e80000, 0x00000007eaa80000, 0x0000000800000000)
  eden space 256000K, 100% used [0x00000007d5e80000,0x00000007e5880000,0x00000007e5880000)
  from space 29696K, 99% used [0x00000007e7d80000,0x00000007e9a7d3c8,0x00000007e9a80000)
  to   space 37888K, 0% used [0x00000007e5880000,0x00000007e5880000,0x00000007e7d80000)
 ParOldGen       total 86016K, used 46059K [0x0000000781c00000, 0x0000000787000000, 0x00000007d5e80000)
  object space 86016K, 53% used [0x0000000781c00000,0x00000007848fae58,0x0000000787000000)
 PSPermGen       total 21504K, used 20999K [0x000000077ca00000, 0x000000077df00000, 0x0000000781c00000)
  object space 21504K, 97% used [0x000000077ca00000,0x000000077de81c78,0x000000077df00000)
Event: 11.673 GC heap after
Heap after GC invocations=9 (full 0):
 PSYoungGen      total 293888K, used 37878K [0x00000007d5e80000, 0x00000007f4f80000, 0x0000000800000000)
  eden space 256000K, 0% used [0x00000007d5e80000,0x00000007d5e80000,0x00000007e5880000)
  from space 37888K, 99% used [0x00000007e5880000,0x00000007e7d7d850,0x00000007e7d80000)
  to   space 49664K, 0% used [0x00000007f1f00000,0x00000007f1f00000,0x00000007f4f80000)
 ParOldGen       total 86016K, used 59112K [0x0000000781c00000, 0x0000000787000000, 0x00000007d5e80000)
  object space 86016K, 68% used [0x0000000781c00000,0x00000007855ba2a0,0x0000000787000000)
 PSPermGen       total 21504K, used 20999K [0x000000077ca00000, 0x000000077df00000, 0x0000000781c00000)
  object space 21504K, 97% used [0x000000077ca00000,0x000000077de81c78,0x000000077df00000)
}
Event: 15.730 GC heap before
{Heap before GC invocations=10 (full 0):
 PSYoungGen      total 293888K, used 293878K [0x00000007d5e80000, 0x00000007f4f80000, 0x0000000800000000)
  eden space 256000K, 100% used [0x00000007d5e80000,0x00000007e5880000,0x00000007e5880000)
  from space 37888K, 99% used [0x00000007e5880000,0x00000007e7d7d850,0x00000007e7d80000)
  to   space 49664K, 0% used [0x00000007f1f00000,0x00000007f1f00000,0x00000007f4f80000)
 ParOldGen       total 86016K, used 59112K [0x0000000781c00000, 0x0000000787000000, 0x00000007d5e80000)
  object space 86016K, 68% used [0x0000000781c00000,0x00000007855ba2a0,0x0000000787000000)
 PSPermGen       total 31232K, used 31142K [0x000000077ca00000, 0x000000077e880000, 0x0000000781c00000)
  object space 31232K, 99% used [0x000000077ca00000,0x000000077e869aa8,0x000000077e880000)
Event: 15.805 GC heap after
Heap after GC invocations=10 (full 0):
 PSYoungGen      total 451584K, used 47915K [0x00000007d5e80000, 0x00000007f5e80000, 0x0000000800000000)
  eden space 401920K, 0% used [0x00000007d5e80000,0x00000007d5e80000,0x00000007ee700000)
  from space 49664K, 96% used [0x00000007f1f00000,0x00000007f4dcae10,0x00000007f4f80000)
  to   space 57344K, 0% used [0x00000007ee700000,0x00000007ee700000,0x00000007f1f00000)
 ParOldGen       total 86016K, used 61184K [0x0000000781c00000, 0x0000000787000000, 0x00000007d5e80000)
  object space 86016K, 71% used [0x0000000781c00000,0x00000007857c02a0,0x0000000787000000)
 PSPermGen       total 31232K, used 31142K [0x000000077ca00000, 0x000000077e880000, 0x0000000781c00000)
  object space 31232K, 99% used [0x000000077ca00000,0x000000077e869aa8,0x000000077e880000)
}

